[INFO] Scanning for projects...
[INFO] 
[INFO] -----------------< org.springframework:movie-service >------------------
[INFO] Building movie-service 0.1.0
[INFO]   from pom.xml
[INFO] --------------------------------[ jar ]---------------------------------
[INFO] 
[INFO] --- clean:3.3.2:clean (default-clean) @ movie-service ---
[INFO] 
[INFO] --- resources:3.3.1:resources (default-resources) @ movie-service ---
[INFO] Copying 1 resource from src/main/resources to target/classes
[INFO] Copying 1 resource from src/main/resources to target/classes
[INFO] 
[INFO] --- compiler:3.13.0:compile (default-compile) @ movie-service ---
[INFO] Recompiling the module because of changed source code.
[INFO] Compiling 11 source files with javac [debug parameters release 17] to target/classes
[INFO] /ramdisk/code/src/main/java/com/amazonaws/samples/appconfig/utils/AppConfigUtility.java: Some input files use or override a deprecated API.
[INFO] /ramdisk/code/src/main/java/com/amazonaws/samples/appconfig/utils/AppConfigUtility.java: Recompile with -Xlint:deprecation for details.
[INFO] 
[INFO] --- resources:3.3.1:testResources (default-testResources) @ movie-service ---
[INFO] skip non existing resourceDirectory /ramdisk/code/src/test/resources
[INFO] 
[INFO] --- compiler:3.13.0:testCompile (default-testCompile) @ movie-service ---
[INFO] Recompiling the module because of changed dependency.
[INFO] Compiling 4 source files with javac [debug parameters release 17] to target/test-classes
[INFO] /ramdisk/code/src/test/java/com/amazonaws/samples/appconfig/movies/MoviesControllerTest.java: /ramdisk/code/src/test/java/com/amazonaws/samples/appconfig/movies/MoviesControllerTest.java uses or overrides a deprecated API.
[INFO] /ramdisk/code/src/test/java/com/amazonaws/samples/appconfig/movies/MoviesControllerTest.java: Recompile with -Xlint:deprecation for details.
[INFO] /ramdisk/code/src/test/java/com/amazonaws/samples/appconfig/movies/MockTest.java: /ramdisk/code/src/test/java/com/amazonaws/samples/appconfig/movies/MockTest.java uses unchecked or unsafe operations.
[INFO] /ramdisk/code/src/test/java/com/amazonaws/samples/appconfig/movies/MockTest.java: Recompile with -Xlint:unchecked for details.
[INFO] 
[INFO] --- surefire:3.2.5:test (default-test) @ movie-service ---
[INFO] Using auto detected provider org.apache.maven.surefire.junitplatform.JUnitPlatformProvider
[INFO] 
[INFO] -------------------------------------------------------
[INFO]  T E S T S
[INFO] -------------------------------------------------------
[INFO] Running com.amazonaws.samples.appconfig.movies.MoviesControllerTest
OpenJDK 64-Bit Server VM warning: Sharing is only supported for boot loader classes because bootstrap classpath has been appended
[INFO] Tests run: 1, Failures: 0, Errors: 0, Skipped: 0, Time elapsed: 1.322 s -- in com.amazonaws.samples.appconfig.movies.MoviesControllerTest
[INFO] Running com.amazonaws.samples.appconfig.movies.MovieTest
Standard Commons Logging discovery in action with spring-jcl: please remove commons-logging.jar from classpath in order to avoid potential conflicts
13:35:43.736 [main] INFO org.springframework.test.context.support.AnnotationConfigContextLoaderUtils -- Could not detect default configuration classes for test class [com.amazonaws.samples.appconfig.movies.MovieTest]: MovieTest does not declare any static, non-private, non-final, nested classes annotated with @Configuration.
13:35:43.824 [main] INFO org.springframework.boot.test.context.SpringBootTestContextBootstrapper -- Found @SpringBootConfiguration com.amazonaws.samples.appconfig.movies.MoviesApplication for test class com.amazonaws.samples.appconfig.movies.MovieTest
  .   ____          _            __ _ _
 /\\ / ___'_ __ _ _(_)_ __  __ _ \ \ \ \
( ( )\___ | '_ | '_| | '_ \/ _` | \ \ \ \
 \\/  ___)| |_)| | | | | || (_| |  ) ) ) )
  '  |____| .__|_| |_|_| |_\__, | / / / /
 =========|_|==============|___/=/_/_/_/
 :: Spring Boot ::                (v3.3.3)
2024-08-27T13:35:44.130Z  WARN 186 --- [           main] ory$DuplicateJsonObjectContextCustomizer : 
Found multiple occurrences of org.json.JSONObject on the class path:
	jar:file:/ramdisk/.m2/org/json/json/20240303/json-20240303.jar!/org/json/JSONObject.class
	jar:file:/ramdisk/.m2/com/vaadin/external/google/android-json/0.0.20131108.vaadin1/android-json-0.0.20131108.vaadin1.jar!/org/json/JSONObject.class
You may wish to exclude one of them to ensure predictable runtime behavior
2024-08-27T13:35:44.143Z  INFO 186 --- [           main] c.a.samples.appconfig.movies.MovieTest   : Starting MovieTest using Java 17.0.12 with PID 186 (started by root in /ramdisk/code)
2024-08-27T13:35:44.144Z  INFO 186 --- [           main] c.a.samples.appconfig.movies.MovieTest   : No active profile set, falling back to 1 default profile: "default"
2024-08-27T13:35:45.071Z  INFO 186 --- [           main] c.a.samples.appconfig.movies.MovieTest   : Started MovieTest in 1.141 seconds (process running for 3.143)
[INFO] Tests run: 1, Failures: 0, Errors: 0, Skipped: 0, Time elapsed: 1.437 s -- in com.amazonaws.samples.appconfig.movies.MovieTest
[INFO] Running com.amazonaws.samples.appconfig.movies.MockTest
[INFO] Tests run: 4, Failures: 0, Errors: 0, Skipped: 0, Time elapsed: 0.214 s -- in com.amazonaws.samples.appconfig.movies.MockTest
[INFO] Running com.amazonaws.samples.appconfig.movies.MathTest
[INFO] Tests run: 1, Failures: 0, Errors: 0, Skipped: 0, Time elapsed: 0.003 s -- in com.amazonaws.samples.appconfig.movies.MathTest
[INFO] 
[INFO] Results:
[INFO] 
[INFO] Tests run: 7, Failures: 0, Errors: 0, Skipped: 0
[INFO] 
[INFO] 
[INFO] --- jar:3.4.2:jar (default-jar) @ movie-service ---
[INFO] Building jar: /ramdisk/code/target/movie-service-0.1.0.jar
[INFO] 
[INFO] --- spring-boot:3.3.3:repackage (repackage) @ movie-service ---
[INFO] Replacing main artifact /ramdisk/code/target/movie-service-0.1.0.jar with repackaged archive, adding nested dependencies in BOOT-INF/.
[INFO] The original artifact has been renamed to /ramdisk/code/target/movie-service-0.1.0.jar.original
[INFO] ------------------------------------------------------------------------
[INFO] BUILD SUCCESS
[INFO] ------------------------------------------------------------------------
[INFO] Total time:  8.737 s
[INFO] Finished at: 2024-08-27T13:35:46Z
[INFO] ------------------------------------------------------------------------
